Using pre-set license
Built from '2020.2/staging' branch; Version is '2020.2.6f1 (8a2143876886) revision 9052483'; Using compiler version '192528614'; Build Type 'Release'
OS: 'Windows 10 Home; OS build 19043.1165; Version 2009; 64bit' Language: 'en' Physical Memory: 16335 MB
BatchMode: 1, IsHumanControllingUs: 0, StartBugReporterOnCrash: 0, Is64bit: 1, IsPro: 0

 COMMAND LINE ARGUMENTS:
C:\Program Files\Unity\Hub\Editor\2020.2.6f1\Editor\Unity.exe
-adb2
-batchMode
-noUpm
-name
AssetImportWorker0
-projectPath
D:/Unity Projects/FloodTheGates
-logFile
Logs/AssetImportWorker0.log
-srvPort
53352
Successfully changed project path to: D:/Unity Projects/FloodTheGates
D:/Unity Projects/FloodTheGates
Using Asset Import Pipeline V2.
Refreshing native plugins compatible for Editor in 21.89 ms, found 0 plugins.
Preloading 0 native plugins for Editor in 0.00 ms.
Initialize engine version: 2020.2.6f1 (8a2143876886)
[Subsystems] Discovering subsystems at path C:/Program Files/Unity/Hub/Editor/2020.2.6f1/Editor/Data/Resources/UnitySubsystems
[Subsystems] Discovering subsystems at path D:/Unity Projects/FloodTheGates/Assets
GfxDevice: creating device client; threaded=0
Direct3D:
    Version:  Direct3D 11.0 [level 11.1]
    Renderer: NVIDIA GeForce GTX 1060 6GB (ID=0x1c03)
    Vendor:   
    VRAM:     6052 MB
    Driver:   30.0.14.7196
Initialize mono
Mono path[0] = 'C:/Program Files/Unity/Hub/Editor/2020.2.6f1/Editor/Data/Managed'
Mono path[1] = 'C:/Program Files/Unity/Hub/Editor/2020.2.6f1/Editor/Data/MonoBleedingEdge/lib/mono/unityjit'
Mono config path = 'C:/Program Files/Unity/Hub/Editor/2020.2.6f1/Editor/Data/MonoBleedingEdge/etc'
Using monoOptions --debugger-agent=transport=dt_socket,embedding=1,server=y,suspend=n,address=127.0.0.1:56664
Begin MonoManager ReloadAssembly
Registering precompiled unity dll's ...
Register platform support module: C:/Program Files/Unity/Hub/Editor/2020.2.6f1/Editor/Data/PlaybackEngines/WindowsStandaloneSupport/UnityEditor.WindowsStandalone.Extensions.dll
Registered in 0.002380 seconds.
Native extension for WindowsStandalone target not found
Refreshing native plugins compatible for Editor in 22.36 ms, found 0 plugins.
Preloading 0 native plugins for Editor in 0.00 ms.
Invoked RoslynAnalysisRunner static constructor.
RoslynAnalysisRunner will not be running.
RoslynAnalysisRunner has terminated.
Mono: successfully reloaded assembly
- Completed reload, in  2.357 seconds
Platform modules already initialized, skipping
Registering precompiled user dll's ...
Registered in 0.000544 seconds.
Begin MonoManager ReloadAssembly
Native extension for WindowsStandalone target not found
Refreshing native plugins compatible for Editor in 0.22 ms, found 0 plugins.
Preloading 0 native plugins for Editor in 0.00 ms.
Invoked RoslynAnalysisRunner static constructor.
RoslynAnalysisRunner will not be running.
RoslynAnalysisRunner has terminated.
Mono: successfully reloaded assembly
- Completed reload, in  0.872 seconds
Platform modules already initialized, skipping
========================================================================
Worker process is ready to serve import requests
Launched and connected shader compiler UnityShaderCompiler.exe after 0.05 seconds
Refreshing native plugins compatible for Editor in 0.35 ms, found 0 plugins.
Preloading 0 native plugins for Editor in 0.00 ms.
Unloading 1103 Unused Serialized files (Serialized files now loaded: 0)
System memory in use before: 56.6 MB.
System memory in use after: 56.7 MB.

Unloading 10 unused Assets to reduce memory usage. Loaded Objects now: 1544.
Total: 2.074600 ms (FindLiveObjects: 0.174500 ms CreateObjectMapping: 0.027400 ms MarkObjects: 1.780100 ms  DeleteObjects: 0.091700 ms)

========================================================================
Received Import Request.
  path: Assets/Scenes
  artifactKey: Guid(e9943dae26d97ff46a15a7fefc3a4a84) Importer(815301076,1909f56bfc062723c751e8b465ee728b)
Start importing Assets/Scenes using Guid(e9943dae26d97ff46a15a7fefc3a4a84) Importer(815301076,1909f56bfc062723c751e8b465ee728b)  -> (artifact id: '9be17579f149774d1ec8699aa7f89169') in 0.008193 seconds
  Import took 0.010017 seconds .

========================================================================
Received Import Request.
  Time since last request: 0.000232 seconds.
  path: Assets/Scenes/SampleScene.unity
  artifactKey: Guid(9fc0d4010bbf28b4594072e72b8655ab) Importer(815301076,1909f56bfc062723c751e8b465ee728b)
Start importing Assets/Scenes/SampleScene.unity using Guid(9fc0d4010bbf28b4594072e72b8655ab) Importer(815301076,1909f56bfc062723c751e8b465ee728b)  -> (artifact id: '6c0d96e498f3f425048f0860a2a49f78') in 0.014450 seconds
  Import took 0.016420 seconds .

========================================================================
Received Import Request.
  Time since last request: 4.092939 seconds.
  path: Assets/Scenes/MapScene.unity
  artifactKey: Guid(9fc0d4010bbf28b4594072e72b8655ab) Importer(815301076,1909f56bfc062723c751e8b465ee728b)
Start importing Assets/Scenes/MapScene.unity using Guid(9fc0d4010bbf28b4594072e72b8655ab) Importer(815301076,1909f56bfc062723c751e8b465ee728b)  -> (artifact id: 'b4e64df1e4f217993f44d34e35d922ed') in 0.006416 seconds
  Import took 0.008326 seconds .

========================================================================
Received Import Request.
  Time since last request: 10.493165 seconds.
  path: Assets/Scenes/Map.unity
  artifactKey: Guid(9fc0d4010bbf28b4594072e72b8655ab) Importer(815301076,1909f56bfc062723c751e8b465ee728b)
Start importing Assets/Scenes/Map.unity using Guid(9fc0d4010bbf28b4594072e72b8655ab) Importer(815301076,1909f56bfc062723c751e8b465ee728b)  -> (artifact id: 'a180046f61749b1bc389164e115716cb') in 0.007109 seconds
  Import took 0.009241 seconds .

========================================================================
Received Import Request.
  Time since last request: 6.657059 seconds.
  path: Assets/Scenes/Battle.unity
  artifactKey: Guid(b3b7b1d5196b79e48bfabcd4ebb498dd) Importer(815301076,1909f56bfc062723c751e8b465ee728b)
Start importing Assets/Scenes/Battle.unity using Guid(b3b7b1d5196b79e48bfabcd4ebb498dd) Importer(815301076,1909f56bfc062723c751e8b465ee728b)  -> (artifact id: '3b1423b307fa904e85f3a650346a24ca') in 0.005928 seconds
  Import took 0.007870 seconds .

========================================================================
Received Import Request.
  Time since last request: 9.667648 seconds.
  path: Assets/Scenes/Menu.unity
  artifactKey: Guid(eefe85bda539a6b479ea934e8b9e222b) Importer(815301076,1909f56bfc062723c751e8b465ee728b)
Start importing Assets/Scenes/Menu.unity using Guid(eefe85bda539a6b479ea934e8b9e222b) Importer(815301076,1909f56bfc062723c751e8b465ee728b)  -> (artifact id: 'ac0f476b406a62ff0c44657ad5dc8c6d') in 0.005583 seconds
  Import took 0.007467 seconds .

========================================================================
Received Import Request.
  Time since last request: 2.508886 seconds.
  path: Assets
  artifactKey: Guid(00000000000000001000000000000000) Importer(815301076,1909f56bfc062723c751e8b465ee728b)
Start importing Assets using Guid(00000000000000001000000000000000) Importer(815301076,1909f56bfc062723c751e8b465ee728b)  -> (artifact id: 'f47cf443bddc682ac2de11ea429897ce') in 0.005435 seconds
  Import took 0.007590 seconds .

========================================================================
Received Import Request.
  Time since last request: 4.143639 seconds.
  path: Assets/Scripts
  artifactKey: Guid(216eee8592d59e84cae81b39013752aa) Importer(815301076,1909f56bfc062723c751e8b465ee728b)
Start importing Assets/Scripts using Guid(216eee8592d59e84cae81b39013752aa) Importer(815301076,1909f56bfc062723c751e8b465ee728b)  -> (artifact id: '07cb000e06d53a8614c35b7b6357666e') in 0.005404 seconds
  Import took 0.007368 seconds .

========================================================================
Received Import Request.
  Time since last request: 6.917380 seconds.
  path: Assets/Resources
  artifactKey: Guid(9e1319eb76f5ced4b95ff9e5db84e35d) Importer(815301076,1909f56bfc062723c751e8b465ee728b)
Start importing Assets/Resources using Guid(9e1319eb76f5ced4b95ff9e5db84e35d) Importer(815301076,1909f56bfc062723c751e8b465ee728b)  -> (artifact id: '91912fbca103192bcccfbd6c16063f16') in 0.005454 seconds
  Import took 0.007707 seconds .

========================================================================
Received Import Request.
  Time since last request: 5.321517 seconds.
  path: Assets/Resources/Prefabs
  artifactKey: Guid(217f62af8080f2a41bba8855f66f2738) Importer(815301076,1909f56bfc062723c751e8b465ee728b)
Start importing Assets/Resources/Prefabs using Guid(217f62af8080f2a41bba8855f66f2738) Importer(815301076,1909f56bfc062723c751e8b465ee728b)  -> (artifact id: '78f27f41dba46fcbd4f2f42f47176b53') in 0.005680 seconds
  Import took 0.007583 seconds .

========================================================================
Received Import Request.
  Time since last request: 4.250114 seconds.
  path: Assets/Resources/Material
  artifactKey: Guid(d055ee9d7244ae541a361ffc6db3879b) Importer(815301076,1909f56bfc062723c751e8b465ee728b)
Start importing Assets/Resources/Material using Guid(d055ee9d7244ae541a361ffc6db3879b) Importer(815301076,1909f56bfc062723c751e8b465ee728b)  -> (artifact id: '3ee67da380edf67b64159beb8a592a13') in 0.005551 seconds
  Import took 0.007449 seconds .

========================================================================
Received Import Request.
  Time since last request: 5.818610 seconds.
  path: Assets/Resources/Materials
  artifactKey: Guid(d055ee9d7244ae541a361ffc6db3879b) Importer(815301076,1909f56bfc062723c751e8b465ee728b)
Start importing Assets/Resources/Materials using Guid(d055ee9d7244ae541a361ffc6db3879b) Importer(815301076,1909f56bfc062723c751e8b465ee728b)  -> (artifact id: 'e69ee4c40b949eed75e97c1ce0614f1e') in 0.005487 seconds
  Import took 0.007375 seconds .

========================================================================
Received Prepare
Registering precompiled user dll's ...
Registered in 0.000574 seconds.
Begin MonoManager ReloadAssembly
Native extension for WindowsStandalone target not found
Refreshing native plugins compatible for Editor in 0.24 ms, found 0 plugins.
Preloading 0 native plugins for Editor in 0.00 ms.
Invoked RoslynAnalysisRunner static constructor.
RoslynAnalysisRunner will not be running.
RoslynAnalysisRunner has terminated.
Mono: successfully reloaded assembly
- Completed reload, in  0.819 seconds
Platform modules already initialized, skipping
Refreshing native plugins compatible for Editor in 0.23 ms, found 0 plugins.
Preloading 0 native plugins for Editor in 0.00 ms.
Unloading 1133 Unused Serialized files (Serialized files now loaded: 0)
System memory in use before: 57.8 MB.
System memory in use after: 57.9 MB.

Unloading 6 unused Assets to reduce memory usage. Loaded Objects now: 1580.
Total: 1.634900 ms (FindLiveObjects: 0.166000 ms CreateObjectMapping: 0.027200 ms MarkObjects: 1.374800 ms  DeleteObjects: 0.066000 ms)

========================================================================
Received Prepare
Registering precompiled user dll's ...
Registered in 0.001897 seconds.
Begin MonoManager ReloadAssembly
Native extension for WindowsStandalone target not found
Refreshing native plugins compatible for Editor in 0.32 ms, found 0 plugins.
Preloading 0 native plugins for Editor in 0.00 ms.
Invoked RoslynAnalysisRunner static constructor.
RoslynAnalysisRunner will not be running.
RoslynAnalysisRunner has terminated.
[ScriptCompilation] NOT recompiling all scripts because this is an import worker process. Reason to compile was: Define symbols changed
Mono: successfully reloaded assembly
- Completed reload, in  0.871 seconds
Platform modules already initialized, skipping
Refreshing native plugins compatible for Editor in 0.33 ms, found 0 plugins.
Preloading 0 native plugins for Editor in 0.00 ms.
Unloading 1377 Unused Serialized files (Serialized files now loaded: 0)
System memory in use before: 64.8 MB.
System memory in use after: 64.9 MB.

Unloading 11 unused Assets to reduce memory usage. Loaded Objects now: 1821.
Total: 1.914300 ms (FindLiveObjects: 0.208200 ms CreateObjectMapping: 0.033400 ms MarkObjects: 1.595200 ms  DeleteObjects: 0.076100 ms)

========================================================================
Received Import Request.
  Time since last request: 135.673705 seconds.
  path: Assets/Mirror
  artifactKey: Guid(5cf8eb36be0834b3da408c694a41cb88) Importer(815301076,1909f56bfc062723c751e8b465ee728b)
Start importing Assets/Mirror using Guid(5cf8eb36be0834b3da408c694a41cb88) Importer(815301076,1909f56bfc062723c751e8b465ee728b)  -> (artifact id: '8700696574e64b3aa4383a8508ba5fb8') in 0.008628 seconds
  Import took 0.011112 seconds .

========================================================================
Received Import Request.
  Time since last request: 0.001652 seconds.
  path: Assets/Mirror
  artifactKey: Guid(5cf8eb36be0834b3da408c694a41cb88) Importer(815301076,1909f56bfc062723c751e8b465ee728b)
Start importing Assets/Mirror using Guid(5cf8eb36be0834b3da408c694a41cb88) Importer(815301076,1909f56bfc062723c751e8b465ee728b)  -> (artifact id: '8700696574e64b3aa4383a8508ba5fb8') in 0.001963 seconds
  Import took 0.004431 seconds .

========================================================================
Received Import Request.
  Time since last request: 4.605158 seconds.
  path: Assets/ScriptTemplates
  artifactKey: Guid(8c00361129d75a941a732ef88e326a4f) Importer(815301076,1909f56bfc062723c751e8b465ee728b)
Start importing Assets/ScriptTemplates using Guid(8c00361129d75a941a732ef88e326a4f) Importer(815301076,1909f56bfc062723c751e8b465ee728b)  -> (artifact id: '59b570d031c28c5c1119c91bd18c6323') in 0.005533 seconds
  Import took 0.007816 seconds .

========================================================================
Received Import Request.
  Time since last request: 3.748559 seconds.
  path: Assets/LeanTween
  artifactKey: Guid(5e6a0fa47acf54892bbdae89028eaec3) Importer(815301076,1909f56bfc062723c751e8b465ee728b)
Start importing Assets/LeanTween using Guid(5e6a0fa47acf54892bbdae89028eaec3) Importer(815301076,1909f56bfc062723c751e8b465ee728b)  -> (artifact id: 'becbb0c5a9850dfd851cabcb546f1288') in 0.009482 seconds
  Import took 0.011831 seconds .

