Using pre-set license
Built from '2020.2/staging' branch; Version is '2020.2.6f1 (8a2143876886) revision 9052483'; Using compiler version '192528614'; Build Type 'Release'
OS: 'Windows 10 Home; OS build 19043.1165; Version 2009; 64bit' Language: 'en' Physical Memory: 16335 MB
BatchMode: 1, IsHumanControllingUs: 0, StartBugReporterOnCrash: 0, Is64bit: 1, IsPro: 0

 COMMAND LINE ARGUMENTS:
C:\Program Files\Unity\Hub\Editor\2020.2.6f1\Editor\Unity.exe
-adb2
-batchMode
-noUpm
-name
AssetImportWorker0
-projectPath
D:/Unity Projects/FloodTheGates
-logFile
Logs/AssetImportWorker0.log
-srvPort
58963
Successfully changed project path to: D:/Unity Projects/FloodTheGates
D:/Unity Projects/FloodTheGates
Using Asset Import Pipeline V2.
Refreshing native plugins compatible for Editor in 27.85 ms, found 0 plugins.
Preloading 0 native plugins for Editor in 0.00 ms.
Initialize engine version: 2020.2.6f1 (8a2143876886)
[Subsystems] Discovering subsystems at path C:/Program Files/Unity/Hub/Editor/2020.2.6f1/Editor/Data/Resources/UnitySubsystems
[Subsystems] Discovering subsystems at path D:/Unity Projects/FloodTheGates/Assets
GfxDevice: creating device client; threaded=0
Direct3D:
    Version:  Direct3D 11.0 [level 11.1]
    Renderer: NVIDIA GeForce GTX 1060 6GB (ID=0x1c03)
    Vendor:   
    VRAM:     6052 MB
    Driver:   30.0.14.7196
Initialize mono
Mono path[0] = 'C:/Program Files/Unity/Hub/Editor/2020.2.6f1/Editor/Data/Managed'
Mono path[1] = 'C:/Program Files/Unity/Hub/Editor/2020.2.6f1/Editor/Data/MonoBleedingEdge/lib/mono/unityjit'
Mono config path = 'C:/Program Files/Unity/Hub/Editor/2020.2.6f1/Editor/Data/MonoBleedingEdge/etc'
Using monoOptions --debugger-agent=transport=dt_socket,embedding=1,server=y,suspend=n,address=127.0.0.1:56536
Begin MonoManager ReloadAssembly
Registering precompiled unity dll's ...
Register platform support module: C:/Program Files/Unity/Hub/Editor/2020.2.6f1/Editor/Data/PlaybackEngines/WindowsStandaloneSupport/UnityEditor.WindowsStandalone.Extensions.dll
Registered in 0.002330 seconds.
Native extension for WindowsStandalone target not found
Refreshing native plugins compatible for Editor in 28.08 ms, found 0 plugins.
Preloading 0 native plugins for Editor in 0.00 ms.
Invoked RoslynAnalysisRunner static constructor.
RoslynAnalysisRunner will not be running.
RoslynAnalysisRunner has terminated.
Mono: successfully reloaded assembly
- Completed reload, in  2.391 seconds
Platform modules already initialized, skipping
Registering precompiled user dll's ...
Registered in 0.001902 seconds.
Begin MonoManager ReloadAssembly
Native extension for WindowsStandalone target not found
Refreshing native plugins compatible for Editor in 0.33 ms, found 0 plugins.
Preloading 0 native plugins for Editor in 0.00 ms.
Invoked RoslynAnalysisRunner static constructor.
RoslynAnalysisRunner will not be running.
RoslynAnalysisRunner has terminated.
Mono: successfully reloaded assembly
- Completed reload, in  0.919 seconds
Platform modules already initialized, skipping
========================================================================
Worker process is ready to serve import requests
Launched and connected shader compiler UnityShaderCompiler.exe after 0.05 seconds
Refreshing native plugins compatible for Editor in 0.37 ms, found 0 plugins.
Preloading 0 native plugins for Editor in 0.00 ms.
Unloading 1402 Unused Serialized files (Serialized files now loaded: 0)
System memory in use before: 66.9 MB.
System memory in use after: 67.0 MB.

Unloading 15 unused Assets to reduce memory usage. Loaded Objects now: 1838.
Total: 1.822900 ms (FindLiveObjects: 0.201300 ms CreateObjectMapping: 0.033400 ms MarkObjects: 1.500700 ms  DeleteObjects: 0.086400 ms)

========================================================================
Received Import Request.
  path: Assets/Resources/Prefabs/Map.prefab
  artifactKey: Guid(c73cf69f81ce29146a2872270c5dea39) Importer(815301076,1909f56bfc062723c751e8b465ee728b)
Start importing Assets/Resources/Prefabs/Map.prefab using Guid(c73cf69f81ce29146a2872270c5dea39) Importer(815301076,1909f56bfc062723c751e8b465ee728b)  -> (artifact id: '625792610044cfbbf3d908fd5d8f6a9e') in 0.104013 seconds
  Import took 0.106554 seconds .

========================================================================
Received Prepare
Registering precompiled user dll's ...
Registered in 0.001941 seconds.
Begin MonoManager ReloadAssembly
Native extension for WindowsStandalone target not found
Refreshing native plugins compatible for Editor in 0.33 ms, found 0 plugins.
Preloading 0 native plugins for Editor in 0.00 ms.
Invoked RoslynAnalysisRunner static constructor.
RoslynAnalysisRunner will not be running.
RoslynAnalysisRunner has terminated.
Mono: successfully reloaded assembly
- Completed reload, in  0.890 seconds
Platform modules already initialized, skipping
Refreshing native plugins compatible for Editor in 0.33 ms, found 0 plugins.
Preloading 0 native plugins for Editor in 0.00 ms.
Unloading 1383 Unused Serialized files (Serialized files now loaded: 0)
System memory in use before: 68.9 MB.
System memory in use after: 69.0 MB.

Unloading 10 unused Assets to reduce memory usage. Loaded Objects now: 1848.
Total: 1.861800 ms (FindLiveObjects: 0.211300 ms CreateObjectMapping: 0.033700 ms MarkObjects: 1.554200 ms  DeleteObjects: 0.061600 ms)

========================================================================
Received Prepare
Registering precompiled user dll's ...
Registered in 0.001993 seconds.
Begin MonoManager ReloadAssembly
Native extension for WindowsStandalone target not found
Refreshing native plugins compatible for Editor in 0.34 ms, found 0 plugins.
Preloading 0 native plugins for Editor in 0.00 ms.
Invoked RoslynAnalysisRunner static constructor.
RoslynAnalysisRunner will not be running.
RoslynAnalysisRunner has terminated.
Mono: successfully reloaded assembly
- Completed reload, in  0.917 seconds
Platform modules already initialized, skipping
Refreshing native plugins compatible for Editor in 0.34 ms, found 0 plugins.
Preloading 0 native plugins for Editor in 0.00 ms.
Unloading 1383 Unused Serialized files (Serialized files now loaded: 0)
System memory in use before: 69.0 MB.
System memory in use after: 69.0 MB.

Unloading 10 unused Assets to reduce memory usage. Loaded Objects now: 1850.
Total: 1.848000 ms (FindLiveObjects: 0.187100 ms CreateObjectMapping: 0.033000 ms MarkObjects: 1.564100 ms  DeleteObjects: 0.062700 ms)

========================================================================
Received Prepare
Registering precompiled user dll's ...
Registered in 0.002036 seconds.
Begin MonoManager ReloadAssembly
Native extension for WindowsStandalone target not found
Refreshing native plugins compatible for Editor in 0.33 ms, found 0 plugins.
Preloading 0 native plugins for Editor in 0.00 ms.
Invoked RoslynAnalysisRunner static constructor.
RoslynAnalysisRunner will not be running.
RoslynAnalysisRunner has terminated.
Mono: successfully reloaded assembly
- Completed reload, in  0.875 seconds
Platform modules already initialized, skipping
Refreshing native plugins compatible for Editor in 0.36 ms, found 0 plugins.
Preloading 0 native plugins for Editor in 0.00 ms.
Unloading 1383 Unused Serialized files (Serialized files now loaded: 0)
System memory in use before: 69.0 MB.
System memory in use after: 69.0 MB.

Unloading 10 unused Assets to reduce memory usage. Loaded Objects now: 1852.
Total: 2.502700 ms (FindLiveObjects: 0.252200 ms CreateObjectMapping: 0.038200 ms MarkObjects: 2.131000 ms  DeleteObjects: 0.079900 ms)

========================================================================
Received Prepare
Registering precompiled user dll's ...
Registered in 0.002589 seconds.
Begin MonoManager ReloadAssembly
Native extension for WindowsStandalone target not found
Refreshing native plugins compatible for Editor in 0.36 ms, found 0 plugins.
Preloading 0 native plugins for Editor in 0.00 ms.
Invoked RoslynAnalysisRunner static constructor.
RoslynAnalysisRunner will not be running.
RoslynAnalysisRunner has terminated.
Mono: successfully reloaded assembly
- Completed reload, in  0.866 seconds
Platform modules already initialized, skipping
Refreshing native plugins compatible for Editor in 0.37 ms, found 0 plugins.
Preloading 0 native plugins for Editor in 0.00 ms.
Unloading 1383 Unused Serialized files (Serialized files now loaded: 0)
System memory in use before: 69.0 MB.
System memory in use after: 69.0 MB.

Unloading 10 unused Assets to reduce memory usage. Loaded Objects now: 1854.
Total: 1.857900 ms (FindLiveObjects: 0.197800 ms CreateObjectMapping: 0.033300 ms MarkObjects: 1.561800 ms  DeleteObjects: 0.063900 ms)

========================================================================
Received Prepare
Registering precompiled user dll's ...
Registered in 0.001963 seconds.
Begin MonoManager ReloadAssembly
Native extension for WindowsStandalone target not found
Refreshing native plugins compatible for Editor in 0.33 ms, found 0 plugins.
Preloading 0 native plugins for Editor in 0.00 ms.
Invoked RoslynAnalysisRunner static constructor.
RoslynAnalysisRunner will not be running.
RoslynAnalysisRunner has terminated.
Mono: successfully reloaded assembly
- Completed reload, in  0.893 seconds
Platform modules already initialized, skipping
Refreshing native plugins compatible for Editor in 0.33 ms, found 0 plugins.
Preloading 0 native plugins for Editor in 0.00 ms.
Unloading 1383 Unused Serialized files (Serialized files now loaded: 0)
System memory in use before: 69.0 MB.
System memory in use after: 69.1 MB.

Unloading 10 unused Assets to reduce memory usage. Loaded Objects now: 1856.
Total: 1.897800 ms (FindLiveObjects: 0.188000 ms CreateObjectMapping: 0.031600 ms MarkObjects: 1.609800 ms  DeleteObjects: 0.066900 ms)

========================================================================
Received Prepare
Registering precompiled user dll's ...
Registered in 0.001866 seconds.
Begin MonoManager ReloadAssembly
Native extension for WindowsStandalone target not found
Refreshing native plugins compatible for Editor in 0.34 ms, found 0 plugins.
Preloading 0 native plugins for Editor in 0.00 ms.
Invoked RoslynAnalysisRunner static constructor.
RoslynAnalysisRunner will not be running.
RoslynAnalysisRunner has terminated.
Mono: successfully reloaded assembly
- Completed reload, in  0.876 seconds
Platform modules already initialized, skipping
Refreshing native plugins compatible for Editor in 0.34 ms, found 0 plugins.
Preloading 0 native plugins for Editor in 0.00 ms.
Unloading 1383 Unused Serialized files (Serialized files now loaded: 0)
System memory in use before: 69.0 MB.
System memory in use after: 69.1 MB.

Unloading 10 unused Assets to reduce memory usage. Loaded Objects now: 1858.
Total: 1.942200 ms (FindLiveObjects: 0.174200 ms CreateObjectMapping: 0.034600 ms MarkObjects: 1.657000 ms  DeleteObjects: 0.075300 ms)

========================================================================
Received Import Request.
  Time since last request: 437.092409 seconds.
  path: Assets/Scripts/EntityManager.cs
  artifactKey: Guid(e837d18f164d2df43b8e2b300b0ccf6f) Importer(815301076,1909f56bfc062723c751e8b465ee728b)
Start importing Assets/Scripts/EntityManager.cs using Guid(e837d18f164d2df43b8e2b300b0ccf6f) Importer(815301076,1909f56bfc062723c751e8b465ee728b)  -> (artifact id: '0209b2b1b47bd77a671cfbd84d9ef4aa') in 0.014074 seconds
  Import took 0.017059 seconds .

========================================================================
Received Prepare
Registering precompiled user dll's ...
Registered in 0.002254 seconds.
Begin MonoManager ReloadAssembly
Native extension for WindowsStandalone target not found
Refreshing native plugins compatible for Editor in 0.33 ms, found 0 plugins.
Preloading 0 native plugins for Editor in 0.00 ms.
Invoked RoslynAnalysisRunner static constructor.
RoslynAnalysisRunner will not be running.
RoslynAnalysisRunner has terminated.
Mono: successfully reloaded assembly
- Completed reload, in  1.081 seconds
Platform modules already initialized, skipping
Refreshing native plugins compatible for Editor in 0.39 ms, found 0 plugins.
Preloading 0 native plugins for Editor in 0.00 ms.
Unloading 1384 Unused Serialized files (Serialized files now loaded: 0)
System memory in use before: 69.0 MB.
System memory in use after: 69.1 MB.

Unloading 10 unused Assets to reduce memory usage. Loaded Objects now: 1861.
Total: 2.666900 ms (FindLiveObjects: 0.281300 ms CreateObjectMapping: 0.065000 ms MarkObjects: 2.236700 ms  DeleteObjects: 0.082400 ms)

========================================================================
Received Prepare
Registering precompiled user dll's ...
Registered in 0.002001 seconds.
Begin MonoManager ReloadAssembly
Native extension for WindowsStandalone target not found
Refreshing native plugins compatible for Editor in 0.34 ms, found 0 plugins.
Preloading 0 native plugins for Editor in 0.00 ms.
Invoked RoslynAnalysisRunner static constructor.
RoslynAnalysisRunner will not be running.
RoslynAnalysisRunner has terminated.
Mono: successfully reloaded assembly
- Completed reload, in  0.888 seconds
Platform modules already initialized, skipping
Refreshing native plugins compatible for Editor in 0.33 ms, found 0 plugins.
Preloading 0 native plugins for Editor in 0.00 ms.
Unloading 1384 Unused Serialized files (Serialized files now loaded: 0)
System memory in use before: 69.0 MB.
System memory in use after: 69.1 MB.

Unloading 10 unused Assets to reduce memory usage. Loaded Objects now: 1863.
Total: 2.026300 ms (FindLiveObjects: 0.214500 ms CreateObjectMapping: 0.033400 ms MarkObjects: 1.701100 ms  DeleteObjects: 0.075900 ms)

========================================================================
Received Prepare
Registering precompiled user dll's ...
Registered in 0.001887 seconds.
Begin MonoManager ReloadAssembly
Native extension for WindowsStandalone target not found
Refreshing native plugins compatible for Editor in 0.37 ms, found 0 plugins.
Preloading 0 native plugins for Editor in 0.00 ms.
Invoked RoslynAnalysisRunner static constructor.
RoslynAnalysisRunner will not be running.
RoslynAnalysisRunner has terminated.
Mono: successfully reloaded assembly
- Completed reload, in  0.852 seconds
Platform modules already initialized, skipping
Refreshing native plugins compatible for Editor in 0.33 ms, found 0 plugins.
Preloading 0 native plugins for Editor in 0.00 ms.
Unloading 1384 Unused Serialized files (Serialized files now loaded: 0)
System memory in use before: 69.0 MB.
System memory in use after: 69.1 MB.

Unloading 10 unused Assets to reduce memory usage. Loaded Objects now: 1865.
Total: 1.783400 ms (FindLiveObjects: 0.184800 ms CreateObjectMapping: 0.034000 ms MarkObjects: 1.504800 ms  DeleteObjects: 0.058600 ms)

========================================================================
Received Prepare
Registering precompiled user dll's ...
Registered in 0.001929 seconds.
Begin MonoManager ReloadAssembly
Native extension for WindowsStandalone target not found
Refreshing native plugins compatible for Editor in 0.33 ms, found 0 plugins.
Preloading 0 native plugins for Editor in 0.00 ms.
Invoked RoslynAnalysisRunner static constructor.
RoslynAnalysisRunner will not be running.
RoslynAnalysisRunner has terminated.
Mono: successfully reloaded assembly
- Completed reload, in  0.869 seconds
Platform modules already initialized, skipping
Refreshing native plugins compatible for Editor in 0.39 ms, found 0 plugins.
Preloading 0 native plugins for Editor in 0.00 ms.
Unloading 1384 Unused Serialized files (Serialized files now loaded: 0)
System memory in use before: 69.0 MB.
System memory in use after: 69.1 MB.

Unloading 10 unused Assets to reduce memory usage. Loaded Objects now: 1867.
Total: 1.955100 ms (FindLiveObjects: 0.215700 ms CreateObjectMapping: 0.038200 ms MarkObjects: 1.633500 ms  DeleteObjects: 0.065600 ms)

========================================================================
Received Prepare
Registering precompiled user dll's ...
Registered in 0.001909 seconds.
Begin MonoManager ReloadAssembly
Native extension for WindowsStandalone target not found
Refreshing native plugins compatible for Editor in 0.32 ms, found 0 plugins.
Preloading 0 native plugins for Editor in 0.00 ms.
Invoked RoslynAnalysisRunner static constructor.
RoslynAnalysisRunner will not be running.
RoslynAnalysisRunner has terminated.
Mono: successfully reloaded assembly
- Completed reload, in  0.871 seconds
Platform modules already initialized, skipping
Refreshing native plugins compatible for Editor in 0.34 ms, found 0 plugins.
Preloading 0 native plugins for Editor in 0.00 ms.
Unloading 1384 Unused Serialized files (Serialized files now loaded: 0)
System memory in use before: 69.0 MB.
System memory in use after: 69.1 MB.

Unloading 10 unused Assets to reduce memory usage. Loaded Objects now: 1869.
Total: 1.731700 ms (FindLiveObjects: 0.161800 ms CreateObjectMapping: 0.032100 ms MarkObjects: 1.482000 ms  DeleteObjects: 0.054800 ms)

========================================================================
Received Import Request.
  Time since last request: 442.757593 seconds.
  path: Assets/Resources/Prefabs/Map.prefab
  artifactKey: Guid(c73cf69f81ce29146a2872270c5dea39) Importer(815301076,1909f56bfc062723c751e8b465ee728b)
Start importing Assets/Resources/Prefabs/Map.prefab using Guid(c73cf69f81ce29146a2872270c5dea39) Importer(815301076,1909f56bfc062723c751e8b465ee728b)  -> (artifact id: 'ab3b678c278c47fad271c8e32f226b88') in 0.057258 seconds
  Import took 0.059890 seconds .

========================================================================
Received Import Request.
  Time since last request: 6.495697 seconds.
  path: Assets/Resources/Prefabs/Map.prefab
  artifactKey: Guid(c73cf69f81ce29146a2872270c5dea39) Importer(815301076,1909f56bfc062723c751e8b465ee728b)
Start importing Assets/Resources/Prefabs/Map.prefab using Guid(c73cf69f81ce29146a2872270c5dea39) Importer(815301076,1909f56bfc062723c751e8b465ee728b)  -> (artifact id: '696b94459e83808b9a89521496d55aee') in 0.015452 seconds
  Import took 0.018852 seconds .

========================================================================
Received Import Request.
  Time since last request: 2.303658 seconds.
  path: Assets/Resources/Prefabs/Map.prefab
  artifactKey: Guid(c73cf69f81ce29146a2872270c5dea39) Importer(815301076,1909f56bfc062723c751e8b465ee728b)
Start importing Assets/Resources/Prefabs/Map.prefab using Guid(c73cf69f81ce29146a2872270c5dea39) Importer(815301076,1909f56bfc062723c751e8b465ee728b)  -> (artifact id: '6139b17225cb1eb70ffc6caaf982c260') in 0.013915 seconds
  Import took 0.016826 seconds .

========================================================================
Received Import Request.
  Time since last request: 1.423600 seconds.
  path: Assets/Resources/Prefabs/Map.prefab
  artifactKey: Guid(c73cf69f81ce29146a2872270c5dea39) Importer(815301076,1909f56bfc062723c751e8b465ee728b)
Start importing Assets/Resources/Prefabs/Map.prefab using Guid(c73cf69f81ce29146a2872270c5dea39) Importer(815301076,1909f56bfc062723c751e8b465ee728b)  -> (artifact id: '857760e5e2f2a62fa89709d424eb6d88') in 0.009987 seconds
  Import took 0.012741 seconds .

========================================================================
Received Import Request.
  Time since last request: 1.225568 seconds.
  path: Assets/Resources/Prefabs/Map.prefab
  artifactKey: Guid(c73cf69f81ce29146a2872270c5dea39) Importer(815301076,1909f56bfc062723c751e8b465ee728b)
Start importing Assets/Resources/Prefabs/Map.prefab using Guid(c73cf69f81ce29146a2872270c5dea39) Importer(815301076,1909f56bfc062723c751e8b465ee728b)  -> (artifact id: 'd4e1ca59e64a97ecde10acda960b5e3b') in 0.008819 seconds
  Import took 0.011490 seconds .

========================================================================
Received Import Request.
  Time since last request: 159.131908 seconds.
  path: Assets/Scripts/EntityManager.cs
  artifactKey: Guid(e837d18f164d2df43b8e2b300b0ccf6f) Importer(815301076,1909f56bfc062723c751e8b465ee728b)
Start importing Assets/Scripts/EntityManager.cs using Guid(e837d18f164d2df43b8e2b300b0ccf6f) Importer(815301076,1909f56bfc062723c751e8b465ee728b)  -> (artifact id: '1409e46044cd37bc8341709e1335034f') in 0.006902 seconds
  Import took 0.009429 seconds .

========================================================================
Received Import Request.
  Time since last request: 13.618001 seconds.
  path: Assets/Scripts/Entities
  artifactKey: Guid(384039cb74a672e4fbbb4163d2141d7b) Importer(815301076,1909f56bfc062723c751e8b465ee728b)
Start importing Assets/Scripts/Entities using Guid(384039cb74a672e4fbbb4163d2141d7b) Importer(815301076,1909f56bfc062723c751e8b465ee728b)  -> (artifact id: 'c7fcebd4f19f82e30c79cef6c6c9547d') in 0.006441 seconds
  Import took 0.008974 seconds .

========================================================================
Received Prepare
Registering precompiled user dll's ...
Registered in 0.001934 seconds.
Begin MonoManager ReloadAssembly
Native extension for WindowsStandalone target not found
Refreshing native plugins compatible for Editor in 0.37 ms, found 0 plugins.
Preloading 0 native plugins for Editor in 0.00 ms.
Invoked RoslynAnalysisRunner static constructor.
RoslynAnalysisRunner will not be running.
RoslynAnalysisRunner has terminated.
Mono: successfully reloaded assembly
- Completed reload, in  0.925 seconds
Platform modules already initialized, skipping
Refreshing native plugins compatible for Editor in 0.33 ms, found 0 plugins.
Preloading 0 native plugins for Editor in 0.00 ms.
Unloading 1384 Unused Serialized files (Serialized files now loaded: 0)
System memory in use before: 69.1 MB.
System memory in use after: 69.1 MB.

Unloading 10 unused Assets to reduce memory usage. Loaded Objects now: 1872.
Total: 2.392200 ms (FindLiveObjects: 0.191800 ms CreateObjectMapping: 0.035900 ms MarkObjects: 2.080100 ms  DeleteObjects: 0.082700 ms)

========================================================================
Received Import Request.
  Time since last request: 28.158950 seconds.
  path: Assets/Scripts/Entities/NewBehaviourScript.cs
  artifactKey: Guid(8f470afea489e894e81954bf17fd495c) Importer(815301076,1909f56bfc062723c751e8b465ee728b)
Start importing Assets/Scripts/Entities/NewBehaviourScript.cs using Guid(8f470afea489e894e81954bf17fd495c) Importer(815301076,1909f56bfc062723c751e8b465ee728b)  -> (artifact id: '0cbdca5abf612f04cc94e10c109dcd00') in 0.009456 seconds
  Import took 0.012270 seconds .

========================================================================
Received Prepare
Registering precompiled user dll's ...
Registered in 0.002977 seconds.
Begin MonoManager ReloadAssembly
Native extension for WindowsStandalone target not found
Refreshing native plugins compatible for Editor in 0.34 ms, found 0 plugins.
Preloading 0 native plugins for Editor in 0.00 ms.
Invoked RoslynAnalysisRunner static constructor.
RoslynAnalysisRunner will not be running.
RoslynAnalysisRunner has terminated.
Mono: successfully reloaded assembly
- Completed reload, in  0.931 seconds
Platform modules already initialized, skipping
Refreshing native plugins compatible for Editor in 0.41 ms, found 0 plugins.
Preloading 0 native plugins for Editor in 0.00 ms.
Unloading 1384 Unused Serialized files (Serialized files now loaded: 0)
System memory in use before: 69.1 MB.
System memory in use after: 69.1 MB.

Unloading 10 unused Assets to reduce memory usage. Loaded Objects now: 1874.
Total: 1.901500 ms (FindLiveObjects: 0.194400 ms CreateObjectMapping: 0.034200 ms MarkObjects: 1.607600 ms  DeleteObjects: 0.064300 ms)

========================================================================
Received Import Request.
  Time since last request: 19.738806 seconds.
  path: Assets/Scripts/Entities/VisibleEntitiesManager.cs
  artifactKey: Guid(de05be5b9e2874b4fb0f2163e30ce9d6) Importer(815301076,1909f56bfc062723c751e8b465ee728b)
Start importing Assets/Scripts/Entities/VisibleEntitiesManager.cs using Guid(de05be5b9e2874b4fb0f2163e30ce9d6) Importer(815301076,1909f56bfc062723c751e8b465ee728b)  -> (artifact id: '6dadd73495b115f4e7b66e6e8e39ccb5') in 0.010652 seconds
  Import took 0.013373 seconds .

========================================================================
Received Import Request.
  Time since last request: 0.005026 seconds.
  path: Assets/Scripts/Entities/VisibleEntitiesManager.cs
  artifactKey: Guid(de05be5b9e2874b4fb0f2163e30ce9d6) Importer(815301076,1909f56bfc062723c751e8b465ee728b)
Start importing Assets/Scripts/Entities/VisibleEntitiesManager.cs using Guid(de05be5b9e2874b4fb0f2163e30ce9d6) Importer(815301076,1909f56bfc062723c751e8b465ee728b)  -> (artifact id: '6dadd73495b115f4e7b66e6e8e39ccb5') in 0.002891 seconds
  Import took 0.006321 seconds .

========================================================================
Received Prepare
Registering precompiled user dll's ...
Registered in 0.002169 seconds.
Begin MonoManager ReloadAssembly
Native extension for WindowsStandalone target not found
Refreshing native plugins compatible for Editor in 0.40 ms, found 0 plugins.
Preloading 0 native plugins for Editor in 0.00 ms.
Invoked RoslynAnalysisRunner static constructor.
RoslynAnalysisRunner will not be running.
RoslynAnalysisRunner has terminated.
Mono: successfully reloaded assembly
- Completed reload, in  0.892 seconds
Platform modules already initialized, skipping
Refreshing native plugins compatible for Editor in 0.34 ms, found 0 plugins.
Preloading 0 native plugins for Editor in 0.00 ms.
Unloading 1385 Unused Serialized files (Serialized files now loaded: 0)
System memory in use before: 69.1 MB.
System memory in use after: 69.2 MB.

Unloading 10 unused Assets to reduce memory usage. Loaded Objects now: 1877.
Total: 2.001100 ms (FindLiveObjects: 0.223900 ms CreateObjectMapping: 0.033400 ms MarkObjects: 1.670000 ms  DeleteObjects: 0.072500 ms)

========================================================================
Received Import Request.
  Time since last request: 21.010534 seconds.
  path: Assets/Resources/Prefabs/Player.prefab
  artifactKey: Guid(704586eef7a64a14291e6dba2dfaca88) Importer(815301076,1909f56bfc062723c751e8b465ee728b)
Start importing Assets/Resources/Prefabs/Player.prefab using Guid(704586eef7a64a14291e6dba2dfaca88) Importer(815301076,1909f56bfc062723c751e8b465ee728b)  -> (artifact id: 'ea1c754e3a4198e38a496e0e0467dea0') in 0.033345 seconds
  Import took 0.051934 seconds .

========================================================================
Received Import Request.
  Time since last request: 16.367677 seconds.
  path: Assets/Resources/Prefabs/Player.prefab
  artifactKey: Guid(704586eef7a64a14291e6dba2dfaca88) Importer(815301076,1909f56bfc062723c751e8b465ee728b)
Start importing Assets/Resources/Prefabs/Player.prefab using Guid(704586eef7a64a14291e6dba2dfaca88) Importer(815301076,1909f56bfc062723c751e8b465ee728b)  -> (artifact id: '42a5211f5284b5dba3efaf432140d658') in 0.004014 seconds
  Import took 0.006857 seconds .

========================================================================
Received Import Request.
  Time since last request: 0.027759 seconds.
  path: Assets/Resources/Prefabs/Player.prefab
  artifactKey: Guid(704586eef7a64a14291e6dba2dfaca88) Importer(815301076,1909f56bfc062723c751e8b465ee728b)
Start importing Assets/Resources/Prefabs/Player.prefab using Guid(704586eef7a64a14291e6dba2dfaca88) Importer(815301076,1909f56bfc062723c751e8b465ee728b)  -> (artifact id: '42a5211f5284b5dba3efaf432140d658') in 0.004899 seconds
  Import took 0.007811 seconds .

========================================================================
Received Prepare
Registering precompiled user dll's ...
Registered in 0.001887 seconds.
Begin MonoManager ReloadAssembly
Native extension for WindowsStandalone target not found
Refreshing native plugins compatible for Editor in 0.33 ms, found 0 plugins.
Preloading 0 native plugins for Editor in 0.00 ms.
Invoked RoslynAnalysisRunner static constructor.
RoslynAnalysisRunner will not be running.
RoslynAnalysisRunner has terminated.
Mono: successfully reloaded assembly
- Completed reload, in  0.879 seconds
Platform modules already initialized, skipping
Refreshing native plugins compatible for Editor in 0.34 ms, found 0 plugins.
Preloading 0 native plugins for Editor in 0.00 ms.
Unloading 1385 Unused Serialized files (Serialized files now loaded: 0)
System memory in use before: 69.1 MB.
System memory in use after: 69.2 MB.

Unloading 10 unused Assets to reduce memory usage. Loaded Objects now: 1879.
Total: 2.016100 ms (FindLiveObjects: 0.203000 ms CreateObjectMapping: 0.032000 ms MarkObjects: 1.711700 ms  DeleteObjects: 0.067600 ms)

========================================================================
Received Prepare
Registering precompiled user dll's ...
Registered in 0.001970 seconds.
Begin MonoManager ReloadAssembly
Native extension for WindowsStandalone target not found
Refreshing native plugins compatible for Editor in 0.55 ms, found 0 plugins.
Preloading 0 native plugins for Editor in 0.00 ms.
Invoked RoslynAnalysisRunner static constructor.
RoslynAnalysisRunner will not be running.
RoslynAnalysisRunner has terminated.
Mono: successfully reloaded assembly
- Completed reload, in  0.882 seconds
Platform modules already initialized, skipping
Refreshing native plugins compatible for Editor in 0.33 ms, found 0 plugins.
Preloading 0 native plugins for Editor in 0.00 ms.
Unloading 1385 Unused Serialized files (Serialized files now loaded: 0)
System memory in use before: 69.1 MB.
System memory in use after: 69.2 MB.

Unloading 10 unused Assets to reduce memory usage. Loaded Objects now: 1881.
Total: 1.863400 ms (FindLiveObjects: 0.187700 ms CreateObjectMapping: 0.033300 ms MarkObjects: 1.574200 ms  DeleteObjects: 0.066400 ms)

========================================================================
Received Import Request.
  Time since last request: 2641.608284 seconds.
  path: Assets/Resources/Prefabs/Player.prefab
  artifactKey: Guid(704586eef7a64a14291e6dba2dfaca88) Importer(815301076,1909f56bfc062723c751e8b465ee728b)
Start importing Assets/Resources/Prefabs/Player.prefab using Guid(704586eef7a64a14291e6dba2dfaca88) Importer(815301076,1909f56bfc062723c751e8b465ee728b)  -> (artifact id: 'c595fd131a17040ccf41ebfd61a7a344') in 0.035891 seconds
  Import took 0.038497 seconds .

========================================================================
Received Import Request.
  Time since last request: 0.005866 seconds.
  path: Assets/Resources/Prefabs/Player.prefab
  artifactKey: Guid(704586eef7a64a14291e6dba2dfaca88) Importer(815301076,1909f56bfc062723c751e8b465ee728b)
Start importing Assets/Resources/Prefabs/Player.prefab using Guid(704586eef7a64a14291e6dba2dfaca88) Importer(815301076,1909f56bfc062723c751e8b465ee728b)  -> (artifact id: 'c595fd131a17040ccf41ebfd61a7a344') in 0.003318 seconds
  Import took 0.005847 seconds .

========================================================================
Received Import Request.
  Time since last request: 3.353524 seconds.
  path: Assets/Resources/Prefabs/Player.prefab
  artifactKey: Guid(704586eef7a64a14291e6dba2dfaca88) Importer(815301076,1909f56bfc062723c751e8b465ee728b)
Start importing Assets/Resources/Prefabs/Player.prefab using Guid(704586eef7a64a14291e6dba2dfaca88) Importer(815301076,1909f56bfc062723c751e8b465ee728b)  -> (artifact id: '76bf5a96b7b7c7b3a1e6b10cf39e3d50') in 0.004504 seconds
  Import took 0.007029 seconds .

========================================================================
Received Import Request.
  Time since last request: 0.027450 seconds.
  path: Assets/Resources/Prefabs/Player.prefab
  artifactKey: Guid(704586eef7a64a14291e6dba2dfaca88) Importer(815301076,1909f56bfc062723c751e8b465ee728b)
Start importing Assets/Resources/Prefabs/Player.prefab using Guid(704586eef7a64a14291e6dba2dfaca88) Importer(815301076,1909f56bfc062723c751e8b465ee728b)  -> (artifact id: '76bf5a96b7b7c7b3a1e6b10cf39e3d50') in 0.003700 seconds
  Import took 0.006332 seconds .

========================================================================
Received Prepare
Registering precompiled user dll's ...
Registered in 0.001965 seconds.
Begin MonoManager ReloadAssembly
Native extension for WindowsStandalone target not found
Refreshing native plugins compatible for Editor in 0.33 ms, found 0 plugins.
Preloading 0 native plugins for Editor in 0.00 ms.
Invoked RoslynAnalysisRunner static constructor.
RoslynAnalysisRunner will not be running.
RoslynAnalysisRunner has terminated.
Mono: successfully reloaded assembly
- Completed reload, in  0.859 seconds
Platform modules already initialized, skipping
Refreshing native plugins compatible for Editor in 0.32 ms, found 0 plugins.
Preloading 0 native plugins for Editor in 0.00 ms.
Unloading 1385 Unused Serialized files (Serialized files now loaded: 0)
System memory in use before: 69.1 MB.
System memory in use after: 69.2 MB.

Unloading 10 unused Assets to reduce memory usage. Loaded Objects now: 1883.
Total: 1.758400 ms (FindLiveObjects: 0.173600 ms CreateObjectMapping: 0.031400 ms MarkObjects: 1.489800 ms  DeleteObjects: 0.062600 ms)

========================================================================
Received Import Request.
  Time since last request: 704.316591 seconds.
  path: Assets/Resources/Prefabs/Player.prefab
  artifactKey: Guid(704586eef7a64a14291e6dba2dfaca88) Importer(815301076,1909f56bfc062723c751e8b465ee728b)
Start importing Assets/Resources/Prefabs/Player.prefab using Guid(704586eef7a64a14291e6dba2dfaca88) Importer(815301076,1909f56bfc062723c751e8b465ee728b)  -> (artifact id: 'bbb347f6736a4d2aedc5a3dad73515f5') in 0.035846 seconds
  Import took 0.038525 seconds .

========================================================================
Received Prepare
Registering precompiled user dll's ...
Registered in 0.002012 seconds.
Begin MonoManager ReloadAssembly
Native extension for WindowsStandalone target not found
Refreshing native plugins compatible for Editor in 0.34 ms, found 0 plugins.
Preloading 0 native plugins for Editor in 0.00 ms.
Invoked RoslynAnalysisRunner static constructor.
RoslynAnalysisRunner will not be running.
RoslynAnalysisRunner has terminated.
Mono: successfully reloaded assembly
- Completed reload, in  0.918 seconds
Platform modules already initialized, skipping
Refreshing native plugins compatible for Editor in 0.37 ms, found 0 plugins.
Preloading 0 native plugins for Editor in 0.00 ms.
Unloading 1385 Unused Serialized files (Serialized files now loaded: 0)
System memory in use before: 69.1 MB.
System memory in use after: 69.2 MB.

Unloading 10 unused Assets to reduce memory usage. Loaded Objects now: 1885.
Total: 1.873800 ms (FindLiveObjects: 0.189800 ms CreateObjectMapping: 0.037900 ms MarkObjects: 1.577800 ms  DeleteObjects: 0.067300 ms)

========================================================================
Received Import Request.
  Time since last request: 11898.687036 seconds.
  path: Assets/Resources/Prefabs/Player.prefab
  artifactKey: Guid(704586eef7a64a14291e6dba2dfaca88) Importer(815301076,1909f56bfc062723c751e8b465ee728b)
Start importing Assets/Resources/Prefabs/Player.prefab using Guid(704586eef7a64a14291e6dba2dfaca88) Importer(815301076,1909f56bfc062723c751e8b465ee728b)  -> (artifact id: '72d83ef2908027476434304c0243d7c7') in 0.036281 seconds
  Import took 0.038909 seconds .

AssetImportWorkerClient::OnTransportError - code=2 error=End of file
